[debug] [2026-02-07T19:38:56.021Z] ----------------------------------------------------------------------
[debug] [2026-02-07T19:38:56.025Z] Command:       C:\Users\SUCCESS\AppData\Roaming\fnm\aliases\default\node.exe C:\Users\SUCCESS\AppData\Roaming\fnm\aliases\default\node_modules\firebase-tools\lib\bin\firebase.js init
[debug] [2026-02-07T19:38:56.025Z] CLI Version:   14.22.0
[debug] [2026-02-07T19:38:56.025Z] Platform:      win32
[debug] [2026-02-07T19:38:56.025Z] Node Version:  v23.11.0
[debug] [2026-02-07T19:38:56.026Z] Time:          Sun Feb 08 2026 01:38:56 GMT+0600 (Bangladesh Standard Time)
[debug] [2026-02-07T19:38:56.026Z] ----------------------------------------------------------------------
[debug] 
[info] 
     ######## #### ########  ######## ########     ###     ######  ########
     ##        ##  ##     ## ##       ##     ##  ##   ##  ##       ##
     ######    ##  ########  ######   ########  #########  ######  ######
     ##        ##  ##    ##  ##       ##     ## ##     ##       ## ##
     ##       #### ##     ## ######## ########  ##     ##  ######  ########

You're about to initialize a Firebase project in this directory:

  E:\programming-hero\Level-1-12\Milstorne-11\zep-shift\client

[debug] [2026-02-07T19:39:37.955Z] ExitPromptError: User force closed the prompt with SIGINT
    at Interface.sigint (C:\Users\SUCCESS\AppData\Roaming\fnm\node-versions\v23.11.0\installation\node_modules\firebase-tools\node_modules\@inquirer\core\dist\commonjs\lib\create-prompt.js:101:37)
    at Interface.emit (node:events:507:28)
    at Interface.emit (node:domain:489:12)
    at [_ttyWrite] [as _ttyWrite] (node:internal/readline/interface:1129:18)
    at ReadStream.onkeypress (node:internal/readline/interface:268:20)
    at ReadStream.emit (node:events:519:35)
    at ReadStream.emit (node:domain:489:12)
    at emitKeys (node:internal/readline/utils:370:14)
    at emitKeys.next (<anonymous>)
    at ReadStream.onData (node:internal/readline/emitKeypressEvents:64:36)
[error] 
[error] Error: An unexpected error has occurred.
